<?xml version="1.0" encoding="UTF-8"?>
<testsuite name="org.example.MainTest" tests="2" skipped="0" failures="0" errors="0" timestamp="2025-03-04T11:08:59" hostname="Plaius-MacBook-Pro.local" time="0.011">
  <properties/>
  <testcase name="testTrimmedMessage()" classname="org.example.MainTest" time="0.01"/>
  <testcase name="testCountObjectsInTuple()" classname="org.example.MainTest" time="0.001"/>
  <system-out><![CDATA[]]></system-out>
  <system-err><![CDATA[]]></system-err>
</testsuite>
